<?xml version="1.0" encoding="UTF-8"?>
<!-- Generated by org.testng.reporters.JUnitXMLReporter -->
<testsuite ignored="2" hostname="ZSCHN01LP0345" failures="0" tests="1" name="Default test(failed)" time="13.161" errors="0" timestamp="2024-02-01T15:52:44 IST">
  <testcase classname="testScripts.SampleOneTest" name="scenario1" time="6.204"/>
  <testcase classname="testScripts.SampleOneTest" name="scenario2" time="0.0">
    <ignored/>
  </testcase> <!-- scenario2 -->
  <testcase classname="testScripts.SampleOneTest" name="scenario3" time="0.0">
    <ignored/>
  </testcase> <!-- scenario3 -->
</testsuite> <!-- Default test(failed) -->
