<?xml version="1.0" encoding="UTF-8"?>
<testng-results ignored="0" total="1" passed="1" failed="0" skipped="0">
  <reporter-output>
  </reporter-output>
  <suite started-at="2024-02-12T14:50:25 IST" name="Default suite" finished-at="2024-02-12T14:50:25 IST" duration-ms="219">
    <groups>
    </groups>
    <test started-at="2024-02-12T14:50:25 IST" name="Default test" finished-at="2024-02-12T14:50:25 IST" duration-ms="219">
      <class name="testScripts.DBEmployeeTest">
        <test-method is-config="true" signature="setUp()[pri:0, instance:testScripts.DBEmployeeTest@49049a04]" started-at="2024-02-12T14:50:25 IST" name="setUp" finished-at="2024-02-12T14:50:25 IST" duration-ms="189" status="PASS">
          <reporter-output>
          </reporter-output>
        </test-method> <!-- setUp -->
        <test-method signature="test()[pri:0, instance:testScripts.DBEmployeeTest@49049a04]" started-at="2024-02-12T14:50:25 IST" name="test" finished-at="2024-02-12T14:50:25 IST" duration-ms="6" status="PASS">
          <reporter-output>
          </reporter-output>
        </test-method> <!-- test -->
        <test-method is-config="true" signature="tearDown()[pri:0, instance:testScripts.DBEmployeeTest@49049a04]" started-at="2024-02-12T14:50:25 IST" name="tearDown" finished-at="2024-02-12T14:50:25 IST" duration-ms="0" status="PASS">
          <reporter-output>
          </reporter-output>
        </test-method> <!-- tearDown -->
      </class> <!-- testScripts.DBEmployeeTest -->
    </test> <!-- Default test -->
  </suite> <!-- Default suite -->
</testng-results>
